This file contains any messages produced by compilers while
running configure, to aid debugging if configure makes a mistake.

It was created by xapian-core configure 1.2.20, which was
generated by GNU Autoconf 2.68.  Invocation command line was

  $ ./configure 

## --------- ##
## Platform. ##
## --------- ##

hostname = hefengdeMacBook-Air.local
uname -m = x86_64
uname -r = 14.3.0
uname -s = Darwin
uname -v = Darwin Kernel Version 14.3.0: Mon Mar 23 11:59:05 PDT 2015; root:xnu-2782.20.48~5/RELEASE_X86_64

/usr/bin/uname -p = i386
/bin/uname -X     = unknown

/bin/arch              = unknown
/usr/bin/arch -k       = unknown
/usr/convex/getsysinfo = unknown
/usr/bin/hostinfo      = Mach kernel version:
	 Darwin Kernel Version 14.3.0: Mon Mar 23 11:59:05 PDT 2015; root:xnu-2782.20.48~5/RELEASE_X86_64
Kernel configured for up to 4 processors.
2 processors are physically available.
4 processors are logically available.
Processor type: x86_64h (Intel x86-64h Haswell)
Processors active: 0 1 2 3
Primary memory available: 4.00 gigabytes
Default processor set: 249 tasks, 1483 threads, 4 processors
Load average: 2.12, Mach factor: 1.86
/bin/machine           = unknown
/usr/bin/oslevel       = unknown
/bin/universe          = unknown

PATH: /usr/local/brew/bin
PATH: /usr/local/bin
PATH: /usr/bin
PATH: /bin
PATH: /usr/sbin
PATH: /sbin
PATH: /System/Library/Java/JavaVirtualMachines/1.6.0.jdk/Contents/Home//lib/
PATH: /System/Library/Java/JavaVirtualMachines/1.6.0.jdk/Contents/Home//bin/
PATH: /usr/local/apache-maven-3.2.5/bin


## ----------- ##
## Core tests. ##
## ----------- ##

configure:2811: checking for a BSD-compatible install
configure:2879: result: /usr/bin/install -c
configure:2890: checking whether build environment is sane
configure:2940: result: yes
configure:3081: checking for a thread-safe mkdir -p
configure:3120: result: ./install-sh -c -d
configure:3133: checking for gawk
configure:3163: result: no
configure:3133: checking for mawk
configure:3163: result: no
configure:3133: checking for nawk
configure:3163: result: no
configure:3133: checking for awk
configure:3149: found /usr/bin/awk
configure:3160: result: awk
configure:3171: checking whether make sets $(MAKE)
configure:3193: result: yes
configure:3268: checking how to create a ustar tar archive
configure:3281: tar --version
bsdtar 2.8.3 - libarchive 2.8.3
configure:3284: $? = 0
configure:3324: tardir=conftest.dir && eval tar --format=ustar -chf - "$tardir" >conftest.tar
configure:3327: $? = 0
configure:3331: tar -xf - <conftest.tar
configure:3334: $? = 0
configure:3347: result: gnutar
configure:3392: checking build system type
configure:3406: result: x86_64-apple-darwin14.3.0
configure:3426: checking host system type
configure:3439: result: x86_64-apple-darwin14.3.0
configure:3480: checking how to print strings
configure:3507: result: printf
configure:3540: checking for style of include used by make
configure:3568: result: GNU
configure:3639: checking for gcc
configure:3655: found /usr/bin/gcc
configure:3666: result: gcc
configure:3895: checking for C compiler version
configure:3904: gcc --version >&5
Apple LLVM version 6.1.0 (clang-602.0.49) (based on LLVM 3.6.0svn)
Target: x86_64-apple-darwin14.3.0
Thread model: posix
Configured with: --prefix=/Applications/Xcode.app/Contents/Developer/usr --with-gxx-include-dir=/usr/include/c++/4.2.1
configure:3915: $? = 0
configure:3904: gcc -v >&5
Configured with: --prefix=/Applications/Xcode.app/Contents/Developer/usr --with-gxx-include-dir=/usr/include/c++/4.2.1
Apple LLVM version 6.1.0 (clang-602.0.49) (based on LLVM 3.6.0svn)
Target: x86_64-apple-darwin14.3.0
Thread model: posix
configure:3915: $? = 0
configure:3904: gcc -V >&5
clang: error: argument to '-V' is missing (expected 1 value)
clang: error: no input files
configure:3915: $? = 1
configure:3904: gcc -qversion >&5
clang: error: unknown argument: '-qversion'
clang: error: no input files
configure:3915: $? = 1
configure:3935: checking whether the C compiler works
configure:3957: gcc    conftest.c  >&5
configure:3961: $? = 0
configure:4009: result: yes
configure:4012: checking for C compiler default output file name
configure:4014: result: a.out
configure:4020: checking for suffix of executables
configure:4027: gcc -o conftest    conftest.c  >&5
configure:4031: $? = 0
configure:4053: result: 
configure:4075: checking whether we are cross compiling
configure:4083: gcc -o conftest    conftest.c  >&5
configure:4087: $? = 0
configure:4094: ./conftest
configure:4098: $? = 0
configure:4113: result: no
configure:4118: checking for suffix of object files
configure:4140: gcc -c   conftest.c >&5
configure:4144: $? = 0
configure:4165: result: o
configure:4169: checking whether we are using the GNU C compiler
configure:4188: gcc -c   conftest.c >&5
configure:4188: $? = 0
configure:4197: result: yes
configure:4206: checking whether gcc accepts -g
configure:4226: gcc -c -g  conftest.c >&5
configure:4226: $? = 0
configure:4267: result: yes
configure:4284: checking for gcc option to accept ISO C89
configure:4348: gcc  -c -g -O2  conftest.c >&5
configure:4348: $? = 0
configure:4361: result: none needed
configure:4383: checking dependency style of gcc
configure:4494: result: gcc3
configure:4509: checking for a sed that does not truncate output
configure:4573: result: /usr/bin/sed
configure:4591: checking for grep that handles long lines and -e
configure:4649: result: /usr/bin/grep
configure:4654: checking for egrep
configure:4716: result: /usr/bin/grep -E
configure:4721: checking for fgrep
configure:4783: result: /usr/bin/grep -F
configure:4818: checking for ld used by gcc
configure:4885: result: /Applications/Xcode.app/Contents/Developer/Toolchains/XcodeDefault.xctoolchain/usr/bin/ld
configure:4892: checking if the linker (/Applications/Xcode.app/Contents/Developer/Toolchains/XcodeDefault.xctoolchain/usr/bin/ld) is GNU ld
configure:4907: result: no
configure:4919: checking for BSD- or MS-compatible name lister (nm)
configure:4968: result: /usr/bin/nm
configure:5098: checking the name lister (/usr/bin/nm) interface
configure:5105: gcc -c -g -O2  conftest.c >&5
configure:5108: /usr/bin/nm "conftest.o"
configure:5111: output
00000000000001f0 S _some_variable
configure:5118: result: BSD nm
configure:5121: checking whether ln -s works
configure:5125: result: yes
configure:5133: checking the maximum length of command line arguments
configure:5264: result: 196608
configure:5281: checking whether the shell understands some XSI constructs
configure:5291: result: yes
configure:5295: checking whether the shell understands "+="
configure:5301: result: yes
configure:5336: checking how to convert x86_64-apple-darwin14.3.0 file names to x86_64-apple-darwin14.3.0 format
configure:5376: result: func_convert_file_noop
configure:5383: checking how to convert x86_64-apple-darwin14.3.0 file names to toolchain format
configure:5403: result: func_convert_file_noop
configure:5410: checking for /Applications/Xcode.app/Contents/Developer/Toolchains/XcodeDefault.xctoolchain/usr/bin/ld option to reload object files
configure:5417: result: -r
configure:5491: checking for objdump
configure:5521: result: no
configure:5550: checking how to recognize dependent libraries
configure:5748: result: pass_all
configure:5833: checking for dlltool
configure:5863: result: no
configure:5893: checking how to associate runtime and link libraries
configure:5920: result: printf %s\n
configure:5981: checking for ar
configure:5997: found /usr/bin/ar
configure:6008: result: ar
configure:6045: checking for archiver @FILE support
configure:6062: gcc -c -g -O2  conftest.c >&5
configure:6062: $? = 0
configure:6065: ar cru libconftest.a @conftest.lst >&5
ar: @conftest.lst: No such file or directory
configure:6068: $? = 1
configure:6088: result: no
configure:6146: checking for strip
configure:6162: found /usr/bin/strip
configure:6173: result: strip
configure:6245: checking for ranlib
configure:6261: found /usr/bin/ranlib
configure:6272: result: ranlib
configure:6374: checking command to parse /usr/bin/nm output from gcc object
configure:6494: gcc -c -g -O2  conftest.c >&5
configure:6497: $? = 0
configure:6501: /usr/bin/nm conftest.o \| sed -n -e 's/^.*[ ]\([BCDEGRST][BCDEGRST]*\)[ ][ ]*\([_A-Za-z][_A-Za-z0-9]*\)$/\1 \2 \2/p' | sed '/ __gnu_lto/d' \> conftest.nm
configure:6504: $? = 0
cannot find nm_test_var in conftest.nm
configure:6494: gcc -c -g -O2  conftest.c >&5
configure:6497: $? = 0
configure:6501: /usr/bin/nm conftest.o \| sed -n -e 's/^.*[ ]\([BCDEGRST][BCDEGRST]*\)[ ][ ]*_\([_A-Za-z][_A-Za-z0-9]*\)$/\1 _\2 \2/p' | sed '/ __gnu_lto/d' \> conftest.nm
configure:6504: $? = 0
configure:6570: gcc -o conftest -g -O2   conftest.c conftstm.o >&5
configure:6573: $? = 0
configure:6611: result: ok
configure:6648: checking for sysroot
configure:6678: result: no
configure:6947: checking for mt
configure:6977: result: no
configure:6997: checking if : is a manifest tool
configure:7003: : '-?'
configure:7011: result: no
configure:7067: checking for dsymutil
configure:7083: found /usr/bin/dsymutil
configure:7094: result: dsymutil
configure:7159: checking for nmedit
configure:7175: found /usr/bin/nmedit
configure:7186: result: nmedit
configure:7251: checking for lipo
configure:7267: found /usr/bin/lipo
configure:7278: result: lipo
configure:7343: checking for otool
configure:7359: found /usr/bin/otool
configure:7370: result: otool
configure:7435: checking for otool64
configure:7465: result: no
configure:7510: checking for -single_module linker flag
gcc -g -O2  -o libconftest.dylib -dynamiclib -Wl,-single_module conftest.c
configure:7543: result: yes
configure:7546: checking for -exported_symbols_list linker flag
configure:7566: gcc -o conftest -g -O2   -Wl,-exported_symbols_list,conftest.sym conftest.c  >&5
configure:7566: $? = 0
configure:7576: result: yes
configure:7579: checking for -force_load linker flag
gcc -g -O2 -c -o conftest.o conftest.c
ar cru libconftest.a conftest.o
ranlib libconftest.a
gcc -g -O2  -o conftest conftest.c -Wl,-force_load,./libconftest.a
configure:7611: result: yes
configure:7653: checking how to run the C preprocessor
configure:7684: gcc -E  conftest.c
configure:7684: $? = 0
configure:7698: gcc -E  conftest.c
conftest.c:11:10: fatal error: 'ac_nonexistent.h' file not found
#include <ac_nonexistent.h>
         ^
1 error generated.
configure:7698: $? = 1
configure: failed program was:
| /* confdefs.h */
| #define PACKAGE_NAME "xapian-core"
| #define PACKAGE_TARNAME "xapian-core"
| #define PACKAGE_VERSION "1.2.20"
| #define PACKAGE_STRING "xapian-core 1.2.20"
| #define PACKAGE_BUGREPORT "http://xapian.org/bugs"
| #define PACKAGE_URL ""
| #define PACKAGE "xapian-core"
| #define VERSION "1.2.20"
| /* end confdefs.h.  */
| #include <ac_nonexistent.h>
configure:7723: result: gcc -E
configure:7743: gcc -E  conftest.c
configure:7743: $? = 0
configure:7757: gcc -E  conftest.c
conftest.c:11:10: fatal error: 'ac_nonexistent.h' file not found
#include <ac_nonexistent.h>
         ^
1 error generated.
configure:7757: $? = 1
configure: failed program was:
| /* confdefs.h */
| #define PACKAGE_NAME "xapian-core"
| #define PACKAGE_TARNAME "xapian-core"
| #define PACKAGE_VERSION "1.2.20"
| #define PACKAGE_STRING "xapian-core 1.2.20"
| #define PACKAGE_BUGREPORT "http://xapian.org/bugs"
| #define PACKAGE_URL ""
| #define PACKAGE "xapian-core"
| #define VERSION "1.2.20"
| /* end confdefs.h.  */
| #include <ac_nonexistent.h>
configure:7786: checking for ANSI C header files
configure:7806: gcc -c -g -O2  conftest.c >&5
configure:7806: $? = 0
configure:7879: gcc -o conftest -g -O2   conftest.c  >&5
configure:7879: $? = 0
configure:7879: ./conftest
configure:7879: $? = 0
configure:7890: result: yes
configure:7903: checking for sys/types.h
configure:7903: gcc -c -g -O2  conftest.c >&5
configure:7903: $? = 0
configure:7903: result: yes
configure:7903: checking for sys/stat.h
configure:7903: gcc -c -g -O2  conftest.c >&5
configure:7903: $? = 0
configure:7903: result: yes
configure:7903: checking for stdlib.h
configure:7903: gcc -c -g -O2  conftest.c >&5
configure:7903: $? = 0
configure:7903: result: yes
configure:7903: checking for string.h
configure:7903: gcc -c -g -O2  conftest.c >&5
configure:7903: $? = 0
configure:7903: result: yes
configure:7903: checking for memory.h
configure:7903: gcc -c -g -O2  conftest.c >&5
configure:7903: $? = 0
configure:7903: result: yes
configure:7903: checking for strings.h
configure:7903: gcc -c -g -O2  conftest.c >&5
configure:7903: $? = 0
configure:7903: result: yes
configure:7903: checking for inttypes.h
configure:7903: gcc -c -g -O2  conftest.c >&5
configure:7903: $? = 0
configure:7903: result: yes
configure:7903: checking for stdint.h
configure:7903: gcc -c -g -O2  conftest.c >&5
configure:7903: $? = 0
configure:7903: result: yes
configure:7903: checking for unistd.h
configure:7903: gcc -c -g -O2  conftest.c >&5
configure:7903: $? = 0
configure:7903: result: yes
configure:7917: checking for dlfcn.h
configure:7917: gcc -c -g -O2  conftest.c >&5
configure:7917: $? = 0
configure:7917: result: yes
configure:8123: checking for objdir
configure:8138: result: .libs
configure:8409: checking if gcc supports -fno-rtti -fno-exceptions
configure:8427: gcc -c -g -O2  -fno-rtti -fno-exceptions conftest.c >&5
configure:8431: $? = 0
configure:8444: result: yes
configure:8771: checking for gcc option to produce PIC
configure:8778: result: -fno-common -DPIC
configure:8786: checking if gcc PIC flag -fno-common -DPIC works
configure:8804: gcc -c -g -O2  -fno-common -DPIC -DPIC conftest.c >&5
configure:8808: $? = 0
configure:8821: result: yes
configure:8850: checking if gcc static flag -static works
configure:8878: result: no
configure:8893: checking if gcc supports -c -o file.o
configure:8914: gcc -c -g -O2  -o out/conftest2.o conftest.c >&5
configure:8918: $? = 0
configure:8940: result: yes
configure:8948: checking if gcc supports -c -o file.o
configure:8995: result: yes
configure:9028: checking whether the gcc linker (/Applications/Xcode.app/Contents/Developer/Toolchains/XcodeDefault.xctoolchain/usr/bin/ld) supports shared libraries
configure:10181: result: yes
configure:10421: checking dynamic linker characteristics
configure:11143: result: darwin14.3.0 dyld
configure:11250: checking how to hardcode library paths into programs
configure:11275: result: immediate
configure:11815: checking whether stripping libraries is possible
configure:11829: result: yes
configure:11855: checking if libtool supports shared libraries
configure:11857: result: yes
configure:11860: checking whether to build shared libraries
configure:11881: result: yes
configure:11884: checking whether to build static libraries
configure:11888: result: yes
configure:11947: checking whether to enable maintainer-specific portions of Makefiles
configure:11956: result: no
configure:12028: checking for g++
configure:12044: found /usr/bin/g++
configure:12055: result: g++
configure:12082: checking for C++ compiler version
configure:12091: g++ --version >&5
Apple LLVM version 6.1.0 (clang-602.0.49) (based on LLVM 3.6.0svn)
Target: x86_64-apple-darwin14.3.0
Thread model: posix
Configured with: --prefix=/Applications/Xcode.app/Contents/Developer/usr --with-gxx-include-dir=/usr/include/c++/4.2.1
configure:12102: $? = 0
configure:12091: g++ -v >&5
Configured with: --prefix=/Applications/Xcode.app/Contents/Developer/usr --with-gxx-include-dir=/usr/include/c++/4.2.1
Apple LLVM version 6.1.0 (clang-602.0.49) (based on LLVM 3.6.0svn)
Target: x86_64-apple-darwin14.3.0
Thread model: posix
configure:12102: $? = 0
configure:12091: g++ -V >&5
clang: error: argument to '-V' is missing (expected 1 value)
clang: error: no input files
configure:12102: $? = 1
configure:12091: g++ -qversion >&5
clang: error: unknown argument: '-qversion'
clang: error: no input files
configure:12102: $? = 1
configure:12106: checking whether we are using the GNU C++ compiler
configure:12125: g++ -c   conftest.cpp >&5
configure:12125: $? = 0
configure:12134: result: yes
configure:12143: checking whether g++ accepts -g
configure:12163: g++ -c -g  conftest.cpp >&5
configure:12163: $? = 0
configure:12204: result: yes
configure:12229: checking dependency style of g++
configure:12340: result: gcc3
configure:12373: checking how to run the C++ preprocessor
configure:12400: g++ -E  conftest.cpp
configure:12400: $? = 0
configure:12414: g++ -E  conftest.cpp
conftest.cpp:23:10: fatal error: 'ac_nonexistent.h' file not found
#include <ac_nonexistent.h>
         ^
1 error generated.
configure:12414: $? = 1
configure: failed program was:
| /* confdefs.h */
| #define PACKAGE_NAME "xapian-core"
| #define PACKAGE_TARNAME "xapian-core"
| #define PACKAGE_VERSION "1.2.20"
| #define PACKAGE_STRING "xapian-core 1.2.20"
| #define PACKAGE_BUGREPORT "http://xapian.org/bugs"
| #define PACKAGE_URL ""
| #define PACKAGE "xapian-core"
| #define VERSION "1.2.20"
| #define STDC_HEADERS 1
| #define HAVE_SYS_TYPES_H 1
| #define HAVE_SYS_STAT_H 1
| #define HAVE_STDLIB_H 1
| #define HAVE_STRING_H 1
| #define HAVE_MEMORY_H 1
| #define HAVE_STRINGS_H 1
| #define HAVE_INTTYPES_H 1
| #define HAVE_STDINT_H 1
| #define HAVE_UNISTD_H 1
| #define HAVE_DLFCN_H 1
| #define LT_OBJDIR ".libs/"
| /* end confdefs.h.  */
| #include <ac_nonexistent.h>
configure:12439: result: g++ -E
configure:12459: g++ -E  conftest.cpp
configure:12459: $? = 0
configure:12473: g++ -E  conftest.cpp
conftest.cpp:23:10: fatal error: 'ac_nonexistent.h' file not found
#include <ac_nonexistent.h>
         ^
1 error generated.
configure:12473: $? = 1
configure: failed program was:
| /* confdefs.h */
| #define PACKAGE_NAME "xapian-core"
| #define PACKAGE_TARNAME "xapian-core"
| #define PACKAGE_VERSION "1.2.20"
| #define PACKAGE_STRING "xapian-core 1.2.20"
| #define PACKAGE_BUGREPORT "http://xapian.org/bugs"
| #define PACKAGE_URL ""
| #define PACKAGE "xapian-core"
| #define VERSION "1.2.20"
| #define STDC_HEADERS 1
| #define HAVE_SYS_TYPES_H 1
| #define HAVE_SYS_STAT_H 1
| #define HAVE_STDLIB_H 1
| #define HAVE_STRING_H 1
| #define HAVE_MEMORY_H 1
| #define HAVE_STRINGS_H 1
| #define HAVE_INTTYPES_H 1
| #define HAVE_STDINT_H 1
| #define HAVE_UNISTD_H 1
| #define HAVE_DLFCN_H 1
| #define LT_OBJDIR ".libs/"
| /* end confdefs.h.  */
| #include <ac_nonexistent.h>
configure:12642: checking for ld used by g++
configure:12709: result: /Applications/Xcode.app/Contents/Developer/Toolchains/XcodeDefault.xctoolchain/usr/bin/ld
configure:12716: checking if the linker (/Applications/Xcode.app/Contents/Developer/Toolchains/XcodeDefault.xctoolchain/usr/bin/ld) is GNU ld
configure:12731: result: no
configure:12786: checking whether the g++ linker (/Applications/Xcode.app/Contents/Developer/Toolchains/XcodeDefault.xctoolchain/usr/bin/ld) supports shared libraries
configure:13788: result: yes
configure:13824: g++ -c -g -O2  conftest.cpp >&5
configure:13827: $? = 0
configure:14347: checking for g++ option to produce PIC
configure:14354: result: -fno-common -DPIC
configure:14362: checking if g++ PIC flag -fno-common -DPIC works
configure:14380: g++ -c -g -O2  -fno-common -DPIC -DPIC conftest.cpp >&5
configure:14384: $? = 0
configure:14397: result: yes
configure:14420: checking if g++ static flag -static works
configure:14448: result: no
configure:14460: checking if g++ supports -c -o file.o
configure:14481: g++ -c -g -O2  -o out/conftest2.o conftest.cpp >&5
configure:14485: $? = 0
configure:14507: result: yes
configure:14512: checking if g++ supports -c -o file.o
configure:14559: result: yes
configure:14589: checking whether the g++ linker (/Applications/Xcode.app/Contents/Developer/Toolchains/XcodeDefault.xctoolchain/usr/bin/ld) supports shared libraries
configure:14625: result: yes
configure:14766: checking dynamic linker characteristics
configure:15422: result: darwin14.3.0 dyld
configure:15475: checking how to hardcode library paths into programs
configure:15500: result: immediate
configure:15570: checking whether g++ is a working C++ compiler
configure:15600: g++ -o conftest -g -O2   conftest.cpp  >&5
configure:15600: $? = 0
configure:15600: ./conftest
configure:15600: $? = 0
configure:15612: result: yes
configure:15688: checking for gcc
configure:15715: result: gcc
configure:15944: checking for C compiler version
configure:15953: gcc --version >&5
Apple LLVM version 6.1.0 (clang-602.0.49) (based on LLVM 3.6.0svn)
Target: x86_64-apple-darwin14.3.0
Thread model: posix
Configured with: --prefix=/Applications/Xcode.app/Contents/Developer/usr --with-gxx-include-dir=/usr/include/c++/4.2.1
configure:15964: $? = 0
configure:15953: gcc -v >&5
Configured with: --prefix=/Applications/Xcode.app/Contents/Developer/usr --with-gxx-include-dir=/usr/include/c++/4.2.1
Apple LLVM version 6.1.0 (clang-602.0.49) (based on LLVM 3.6.0svn)
Target: x86_64-apple-darwin14.3.0
Thread model: posix
configure:15964: $? = 0
configure:15953: gcc -V >&5
clang: error: argument to '-V' is missing (expected 1 value)
clang: error: no input files
configure:15964: $? = 1
configure:15953: gcc -qversion >&5
clang: error: unknown argument: '-qversion'
clang: error: no input files
configure:15964: $? = 1
configure:15968: checking whether we are using the GNU C compiler
configure:15996: result: yes
configure:16005: checking whether gcc accepts -g
configure:16066: result: yes
configure:16083: checking for gcc option to accept ISO C89
configure:16160: result: none needed
configure:16182: checking dependency style of gcc
configure:16293: result: gcc3
configure:16368: checking for g++ options to enable ANSI C++ mode
configure:16372: result: none required
configure:16500: checking if -lm is required for maths functions
configure:16522: g++ -o conftest -g -O2   conftest.cpp  >&5
configure:16522: $? = 0
configure:16523: result: no
configure:16558: checking if RTTI is supported
configure:16571: g++ -c -g -O2  conftest.cpp >&5
configure:16571: $? = 0
configure:16572: result: yes
configure:16586: checking for gettimeofday
configure:16586: g++ -o conftest -g -O2   conftest.cpp  >&5
configure:16586: $? = 0
configure:16586: result: yes
configure:16586: checking for ftime
configure:16586: g++ -o conftest -g -O2   conftest.cpp  >&5
configure:16586: $? = 0
configure:16586: result: yes
configure:16610: checking for srandom
configure:16610: g++ -o conftest -g -O2   conftest.cpp  >&5
configure:16610: $? = 0
configure:16610: result: yes
configure:16610: checking for random
configure:16610: g++ -o conftest -g -O2   conftest.cpp  >&5
configure:16610: $? = 0
configure:16610: result: yes
configure:16622: checking for sigaction
configure:16622: g++ -o conftest -g -O2   conftest.cpp  >&5
configure:16622: $? = 0
configure:16622: result: yes
configure:16631: checking for sigsetjmp and siglongjmp
configure:16644: g++ -c -g -O2  conftest.cpp >&5
configure:16644: $? = 0
configure:16648: result: yes
configure:16659: checking for getrusage
configure:16659: g++ -o conftest -g -O2   conftest.cpp  >&5
configure:16659: $? = 0
configure:16659: result: yes
configure:16659: checking for times
configure:16659: g++ -o conftest -g -O2   conftest.cpp  >&5
configure:16659: $? = 0
configure:16659: result: yes
configure:16659: checking for sysconf
configure:16659: g++ -o conftest -g -O2   conftest.cpp  >&5
configure:16659: $? = 0
configure:16659: result: yes
configure:16672: checking for setenv
configure:16672: g++ -o conftest -g -O2   conftest.cpp  >&5
configure:16672: $? = 0
configure:16672: result: yes
configure:16672: checking for _putenv_s
configure:16672: g++ -o conftest -g -O2   conftest.cpp  >&5
Undefined symbols for architecture x86_64:
  "__putenv_s", referenced from:
      _main in conftest-0f33d9.o
ld: symbol(s) not found for architecture x86_64
clang: error: linker command failed with exit code 1 (use -v to see invocation)
configure:16672: $? = 1
configure: failed program was:
| /* confdefs.h */
| #define PACKAGE_NAME "xapian-core"
| #define PACKAGE_TARNAME "xapian-core"
| #define PACKAGE_VERSION "1.2.20"
| #define PACKAGE_STRING "xapian-core 1.2.20"
| #define PACKAGE_BUGREPORT "http://xapian.org/bugs"
| #define PACKAGE_URL ""
| #define PACKAGE "xapian-core"
| #define VERSION "1.2.20"
| #define STDC_HEADERS 1
| #define HAVE_SYS_TYPES_H 1
| #define HAVE_SYS_STAT_H 1
| #define HAVE_STDLIB_H 1
| #define HAVE_STRING_H 1
| #define HAVE_MEMORY_H 1
| #define HAVE_STRINGS_H 1
| #define HAVE_INTTYPES_H 1
| #define HAVE_STDINT_H 1
| #define HAVE_UNISTD_H 1
| #define HAVE_DLFCN_H 1
| #define LT_OBJDIR ".libs/"
| #define USE_RTTI 1
| #define HAVE_GETTIMEOFDAY 1
| #define HAVE_FTIME 1
| #define HAVE_SRANDOM 1
| #define HAVE_RANDOM 1
| #define HAVE_SIGACTION 1
| #define HAVE_SIGSETJMP 1
| #define HAVE_GETRUSAGE 1
| #define HAVE_TIMES 1
| #define HAVE_SYSCONF 1
| #define HAVE_SETENV 1
| /* end confdefs.h.  */
| /* Define _putenv_s to an innocuous variant, in case <limits.h> declares _putenv_s.
|    For example, HP-UX 11i <limits.h> declares gettimeofday.  */
| #define _putenv_s innocuous__putenv_s
| 
| /* System header to define __stub macros and hopefully few prototypes,
|     which can conflict with char _putenv_s (); below.
|     Prefer <limits.h> to <assert.h> if __STDC__ is defined, since
|     <limits.h> exists even on freestanding compilers.  */
| 
| #ifdef __STDC__
| # include <limits.h>
| #else
| # include <assert.h>
| #endif
| 
| #undef _putenv_s
| 
| /* Override any GCC internal prototype to avoid an error.
|    Use char because int might match the return type of a GCC
|    builtin and then its argument prototype would still apply.  */
| #ifdef __cplusplus
| extern "C"
| #endif
| char _putenv_s ();
| /* The GNU C library defines this for functions which it implements
|     to always fail with ENOSYS.  Some functions are actually named
|     something starting with __ and the normal name is an alias.  */
| #if defined __stub__putenv_s || defined __stub____putenv_s
| choke me
| #endif
| 
| int
| main ()
| {
| return _putenv_s ();
|   ;
|   return 0;
| }
configure:16672: result: no
configure:16685: checking for closefrom
configure:16685: g++ -o conftest -g -O2   conftest.cpp  >&5
Undefined symbols for architecture x86_64:
  "_closefrom", referenced from:
      _main in conftest-78f194.o
ld: symbol(s) not found for architecture x86_64
clang: error: linker command failed with exit code 1 (use -v to see invocation)
configure:16685: $? = 1
configure: failed program was:
| /* confdefs.h */
| #define PACKAGE_NAME "xapian-core"
| #define PACKAGE_TARNAME "xapian-core"
| #define PACKAGE_VERSION "1.2.20"
| #define PACKAGE_STRING "xapian-core 1.2.20"
| #define PACKAGE_BUGREPORT "http://xapian.org/bugs"
| #define PACKAGE_URL ""
| #define PACKAGE "xapian-core"
| #define VERSION "1.2.20"
| #define STDC_HEADERS 1
| #define HAVE_SYS_TYPES_H 1
| #define HAVE_SYS_STAT_H 1
| #define HAVE_STDLIB_H 1
| #define HAVE_STRING_H 1
| #define HAVE_MEMORY_H 1
| #define HAVE_STRINGS_H 1
| #define HAVE_INTTYPES_H 1
| #define HAVE_STDINT_H 1
| #define HAVE_UNISTD_H 1
| #define HAVE_DLFCN_H 1
| #define LT_OBJDIR ".libs/"
| #define USE_RTTI 1
| #define HAVE_GETTIMEOFDAY 1
| #define HAVE_FTIME 1
| #define HAVE_SRANDOM 1
| #define HAVE_RANDOM 1
| #define HAVE_SIGACTION 1
| #define HAVE_SIGSETJMP 1
| #define HAVE_GETRUSAGE 1
| #define HAVE_TIMES 1
| #define HAVE_SYSCONF 1
| #define HAVE_SETENV 1
| /* end confdefs.h.  */
| /* Define closefrom to an innocuous variant, in case <limits.h> declares closefrom.
|    For example, HP-UX 11i <limits.h> declares gettimeofday.  */
| #define closefrom innocuous_closefrom
| 
| /* System header to define __stub macros and hopefully few prototypes,
|     which can conflict with char closefrom (); below.
|     Prefer <limits.h> to <assert.h> if __STDC__ is defined, since
|     <limits.h> exists even on freestanding compilers.  */
| 
| #ifdef __STDC__
| # include <limits.h>
| #else
| # include <assert.h>
| #endif
| 
| #undef closefrom
| 
| /* Override any GCC internal prototype to avoid an error.
|    Use char because int might match the return type of a GCC
|    builtin and then its argument prototype would still apply.  */
| #ifdef __cplusplus
| extern "C"
| #endif
| char closefrom ();
| /* The GNU C library defines this for functions which it implements
|     to always fail with ENOSYS.  Some functions are actually named
|     something starting with __ and the normal name is an alias.  */
| #if defined __stub_closefrom || defined __stub___closefrom
| choke me
| #endif
| 
| int
| main ()
| {
| return closefrom ();
|   ;
|   return 0;
| }
configure:16685: result: no
configure:16685: checking for dirfd
configure:16685: g++ -o conftest -g -O2   conftest.cpp  >&5
configure:16685: $? = 0
configure:16685: result: yes
configure:16685: checking for getrlimit
configure:16685: g++ -o conftest -g -O2   conftest.cpp  >&5
configure:16685: $? = 0
configure:16685: result: yes
configure:16695: checking return type of ftime
configure:16709: g++ -c -g -O2  conftest.cpp >&5
configure:16709: $? = 0
configure:16710: result: int
configure:16724: checking for sys/utsname.h
configure:16724: g++ -c -g -O2  conftest.cpp >&5
configure:16724: $? = 0
configure:16724: result: yes
configure:16737: checking for gethostname
configure:16737: g++ -o conftest -g -O2   conftest.cpp  >&5
configure:16737: $? = 0
configure:16737: result: yes
configure:16747: checking for ssize_t
configure:16747: g++ -c -g -O2  conftest.cpp >&5
configure:16747: $? = 0
configure:16747: g++ -c -g -O2  conftest.cpp >&5
conftest.cpp:74:22: error: expected expression
if (sizeof ((ssize_t)))
                     ^
1 error generated.
configure:16747: $? = 1
configure: failed program was:
| /* confdefs.h */
| #define PACKAGE_NAME "xapian-core"
| #define PACKAGE_TARNAME "xapian-core"
| #define PACKAGE_VERSION "1.2.20"
| #define PACKAGE_STRING "xapian-core 1.2.20"
| #define PACKAGE_BUGREPORT "http://xapian.org/bugs"
| #define PACKAGE_URL ""
| #define PACKAGE "xapian-core"
| #define VERSION "1.2.20"
| #define STDC_HEADERS 1
| #define HAVE_SYS_TYPES_H 1
| #define HAVE_SYS_STAT_H 1
| #define HAVE_STDLIB_H 1
| #define HAVE_STRING_H 1
| #define HAVE_MEMORY_H 1
| #define HAVE_STRINGS_H 1
| #define HAVE_INTTYPES_H 1
| #define HAVE_STDINT_H 1
| #define HAVE_UNISTD_H 1
| #define HAVE_DLFCN_H 1
| #define LT_OBJDIR ".libs/"
| #define USE_RTTI 1
| #define HAVE_GETTIMEOFDAY 1
| #define HAVE_FTIME 1
| #define HAVE_SRANDOM 1
| #define HAVE_RANDOM 1
| #define HAVE_SIGACTION 1
| #define HAVE_SIGSETJMP 1
| #define HAVE_GETRUSAGE 1
| #define HAVE_TIMES 1
| #define HAVE_SYSCONF 1
| #define HAVE_SETENV 1
| #define HAVE_DIRFD 1
| #define HAVE_GETRLIMIT 1
| #define HAVE_SYS_UTSNAME_H 1
| #define HAVE_GETHOSTNAME 1
| /* end confdefs.h.  */
| #include <stdio.h>
| #ifdef HAVE_SYS_TYPES_H
| # include <sys/types.h>
| #endif
| #ifdef HAVE_SYS_STAT_H
| # include <sys/stat.h>
| #endif
| #ifdef STDC_HEADERS
| # include <stdlib.h>
| # include <stddef.h>
| #else
| # ifdef HAVE_STDLIB_H
| #  include <stdlib.h>
| # endif
| #endif
| #ifdef HAVE_STRING_H
| # if !defined STDC_HEADERS && defined HAVE_MEMORY_H
| #  include <memory.h>
| # endif
| # include <string.h>
| #endif
| #ifdef HAVE_STRINGS_H
| # include <strings.h>
| #endif
| #ifdef HAVE_INTTYPES_H
| # include <inttypes.h>
| #endif
| #ifdef HAVE_STDINT_H
| # include <stdint.h>
| #endif
| #ifdef HAVE_UNISTD_H
| # include <unistd.h>
| #endif
| int
| main ()
| {
| if (sizeof ((ssize_t)))
| 	    return 0;
|   ;
|   return 0;
| }
configure:16747: result: yes
configure:16759: checking for pid_t
configure:16759: g++ -c -g -O2  conftest.cpp >&5
configure:16759: $? = 0
configure:16759: g++ -c -g -O2  conftest.cpp >&5
conftest.cpp:74:20: error: expected expression
if (sizeof ((pid_t)))
                   ^
1 error generated.
configure:16759: $? = 1
configure: failed program was:
| /* confdefs.h */
| #define PACKAGE_NAME "xapian-core"
| #define PACKAGE_TARNAME "xapian-core"
| #define PACKAGE_VERSION "1.2.20"
| #define PACKAGE_STRING "xapian-core 1.2.20"
| #define PACKAGE_BUGREPORT "http://xapian.org/bugs"
| #define PACKAGE_URL ""
| #define PACKAGE "xapian-core"
| #define VERSION "1.2.20"
| #define STDC_HEADERS 1
| #define HAVE_SYS_TYPES_H 1
| #define HAVE_SYS_STAT_H 1
| #define HAVE_STDLIB_H 1
| #define HAVE_STRING_H 1
| #define HAVE_MEMORY_H 1
| #define HAVE_STRINGS_H 1
| #define HAVE_INTTYPES_H 1
| #define HAVE_STDINT_H 1
| #define HAVE_UNISTD_H 1
| #define HAVE_DLFCN_H 1
| #define LT_OBJDIR ".libs/"
| #define USE_RTTI 1
| #define HAVE_GETTIMEOFDAY 1
| #define HAVE_FTIME 1
| #define HAVE_SRANDOM 1
| #define HAVE_RANDOM 1
| #define HAVE_SIGACTION 1
| #define HAVE_SIGSETJMP 1
| #define HAVE_GETRUSAGE 1
| #define HAVE_TIMES 1
| #define HAVE_SYSCONF 1
| #define HAVE_SETENV 1
| #define HAVE_DIRFD 1
| #define HAVE_GETRLIMIT 1
| #define HAVE_SYS_UTSNAME_H 1
| #define HAVE_GETHOSTNAME 1
| /* end confdefs.h.  */
| #include <stdio.h>
| #ifdef HAVE_SYS_TYPES_H
| # include <sys/types.h>
| #endif
| #ifdef HAVE_SYS_STAT_H
| # include <sys/stat.h>
| #endif
| #ifdef STDC_HEADERS
| # include <stdlib.h>
| # include <stddef.h>
| #else
| # ifdef HAVE_STDLIB_H
| #  include <stdlib.h>
| # endif
| #endif
| #ifdef HAVE_STRING_H
| # if !defined STDC_HEADERS && defined HAVE_MEMORY_H
| #  include <memory.h>
| # endif
| # include <string.h>
| #endif
| #ifdef HAVE_STRINGS_H
| # include <strings.h>
| #endif
| #ifdef HAVE_INTTYPES_H
| # include <inttypes.h>
| #endif
| #ifdef HAVE_STDINT_H
| # include <stdint.h>
| #endif
| #ifdef HAVE_UNISTD_H
| # include <unistd.h>
| #endif
| int
| main ()
| {
| if (sizeof ((pid_t)))
| 	    return 0;
|   ;
|   return 0;
| }
configure:16759: result: yes
configure:16771: checking for mode_t
configure:16771: g++ -c -g -O2  conftest.cpp >&5
configure:16771: $? = 0
configure:16771: g++ -c -g -O2  conftest.cpp >&5
conftest.cpp:74:21: error: expected expression
if (sizeof ((mode_t)))
                    ^
1 error generated.
configure:16771: $? = 1
configure: failed program was:
| /* confdefs.h */
| #define PACKAGE_NAME "xapian-core"
| #define PACKAGE_TARNAME "xapian-core"
| #define PACKAGE_VERSION "1.2.20"
| #define PACKAGE_STRING "xapian-core 1.2.20"
| #define PACKAGE_BUGREPORT "http://xapian.org/bugs"
| #define PACKAGE_URL ""
| #define PACKAGE "xapian-core"
| #define VERSION "1.2.20"
| #define STDC_HEADERS 1
| #define HAVE_SYS_TYPES_H 1
| #define HAVE_SYS_STAT_H 1
| #define HAVE_STDLIB_H 1
| #define HAVE_STRING_H 1
| #define HAVE_MEMORY_H 1
| #define HAVE_STRINGS_H 1
| #define HAVE_INTTYPES_H 1
| #define HAVE_STDINT_H 1
| #define HAVE_UNISTD_H 1
| #define HAVE_DLFCN_H 1
| #define LT_OBJDIR ".libs/"
| #define USE_RTTI 1
| #define HAVE_GETTIMEOFDAY 1
| #define HAVE_FTIME 1
| #define HAVE_SRANDOM 1
| #define HAVE_RANDOM 1
| #define HAVE_SIGACTION 1
| #define HAVE_SIGSETJMP 1
| #define HAVE_GETRUSAGE 1
| #define HAVE_TIMES 1
| #define HAVE_SYSCONF 1
| #define HAVE_SETENV 1
| #define HAVE_DIRFD 1
| #define HAVE_GETRLIMIT 1
| #define HAVE_SYS_UTSNAME_H 1
| #define HAVE_GETHOSTNAME 1
| /* end confdefs.h.  */
| #include <stdio.h>
| #ifdef HAVE_SYS_TYPES_H
| # include <sys/types.h>
| #endif
| #ifdef HAVE_SYS_STAT_H
| # include <sys/stat.h>
| #endif
| #ifdef STDC_HEADERS
| # include <stdlib.h>
| # include <stddef.h>
| #else
| # ifdef HAVE_STDLIB_H
| #  include <stdlib.h>
| # endif
| #endif
| #ifdef HAVE_STRING_H
| # if !defined STDC_HEADERS && defined HAVE_MEMORY_H
| #  include <memory.h>
| # endif
| # include <string.h>
| #endif
| #ifdef HAVE_STRINGS_H
| # include <strings.h>
| #endif
| #ifdef HAVE_INTTYPES_H
| # include <inttypes.h>
| #endif
| #ifdef HAVE_STDINT_H
| # include <stdint.h>
| #endif
| #ifdef HAVE_UNISTD_H
| # include <unistd.h>
| #endif
| int
| main ()
| {
| if (sizeof ((mode_t)))
| 	    return 0;
|   ;
|   return 0;
| }
configure:16771: result: yes
configure:16787: checking size of int
configure:16792: g++ -o conftest -g -O2   conftest.cpp  >&5
configure:16792: $? = 0
configure:16792: ./conftest
configure:16792: $? = 0
configure:16806: result: 4
configure:16820: checking size of long
configure:16825: g++ -o conftest -g -O2   conftest.cpp  >&5
configure:16825: $? = 0
configure:16825: ./conftest
configure:16825: $? = 0
configure:16839: result: 8
configure:16852: checking for perl
configure:16870: found /usr/bin/perl
configure:16882: result: /usr/bin/perl
configure:17191: checking for fcntl.h
configure:17191: g++ -c -g -O2  conftest.cpp >&5
configure:17191: $? = 0
configure:17191: result: yes
configure:17191: checking for limits.h
configure:17191: g++ -c -g -O2  conftest.cpp >&5
configure:17191: $? = 0
configure:17191: result: yes
configure:17191: checking for sys/errno.h
configure:17191: g++ -c -g -O2  conftest.cpp >&5
configure:17191: $? = 0
configure:17191: result: yes
configure:17191: checking for sys/select.h
configure:17191: g++ -c -g -O2  conftest.cpp >&5
configure:17191: $? = 0
configure:17191: result: yes
configure:17204: checking for sys/resource.h
configure:17204: g++ -c -g -O2  conftest.cpp >&5
configure:17204: $? = 0
configure:17204: result: yes
configure:17219: checking for valgrind
configure:17252: result: no
configure:17309: checking for eatmydata
configure:17342: result: no
configure:17349: checking for working memcmp
configure:17392: g++ -o conftest -g -O2   conftest.cpp  >&5
configure:17392: $? = 0
configure:17392: ./conftest
configure:17392: $? = 0
configure:17402: result: yes
configure:17413: checking for hstrerror
configure:17413: g++ -o conftest -g -O2   conftest.cpp  >&5
configure:17413: $? = 0
configure:17413: result: yes
configure:17422: checking whether strerror_r is declared
configure:17422: g++ -c -g -O2  conftest.cpp >&5
configure:17422: $? = 0
configure:17422: result: yes
configure:17435: checking for strerror_r
configure:17435: g++ -o conftest -g -O2   conftest.cpp  >&5
configure:17435: $? = 0
configure:17435: result: yes
configure:17444: checking whether strerror_r returns char *
configure:17468: g++ -c -g -O2  conftest.cpp >&5
conftest.cpp:86:13: error: indirection requires pointer operand ('int' invalid)
          char x = *strerror_r (0, buf, sizeof buf);
                   ^~~~~~~~~~~~~~~~~~~~~~~~~~~~~~~~
conftest.cpp:87:10: error: cannot initialize a variable of type 'char *' with an rvalue of type 'int'
          char *p = strerror_r (0, buf, sizeof buf);
                ^   ~~~~~~~~~~~~~~~~~~~~~~~~~~~~~~~
2 errors generated.
configure:17468: $? = 1
configure: failed program was:
| /* confdefs.h */
| #define PACKAGE_NAME "xapian-core"
| #define PACKAGE_TARNAME "xapian-core"
| #define PACKAGE_VERSION "1.2.20"
| #define PACKAGE_STRING "xapian-core 1.2.20"
| #define PACKAGE_BUGREPORT "http://xapian.org/bugs"
| #define PACKAGE_URL ""
| #define PACKAGE "xapian-core"
| #define VERSION "1.2.20"
| #define STDC_HEADERS 1
| #define HAVE_SYS_TYPES_H 1
| #define HAVE_SYS_STAT_H 1
| #define HAVE_STDLIB_H 1
| #define HAVE_STRING_H 1
| #define HAVE_MEMORY_H 1
| #define HAVE_STRINGS_H 1
| #define HAVE_INTTYPES_H 1
| #define HAVE_STDINT_H 1
| #define HAVE_UNISTD_H 1
| #define HAVE_DLFCN_H 1
| #define LT_OBJDIR ".libs/"
| #define USE_RTTI 1
| #define HAVE_GETTIMEOFDAY 1
| #define HAVE_FTIME 1
| #define HAVE_SRANDOM 1
| #define HAVE_RANDOM 1
| #define HAVE_SIGACTION 1
| #define HAVE_SIGSETJMP 1
| #define HAVE_GETRUSAGE 1
| #define HAVE_TIMES 1
| #define HAVE_SYSCONF 1
| #define HAVE_SETENV 1
| #define HAVE_DIRFD 1
| #define HAVE_GETRLIMIT 1
| #define HAVE_SYS_UTSNAME_H 1
| #define HAVE_GETHOSTNAME 1
| #define SIZEOF_INT 4
| #define SIZEOF_LONG 8
| #define HAVE_FCNTL_H 1
| #define HAVE_LIMITS_H 1
| #define HAVE_SYS_ERRNO_H 1
| #define HAVE_SYS_SELECT_H 1
| #define HAVE_SYS_RESOURCE_H 1
| #define HAVE_HSTRERROR 1
| #define HAVE_DECL_STRERROR_R 1
| #define HAVE_STRERROR_R 1
| /* end confdefs.h.  */
| #include <stdio.h>
| #ifdef HAVE_SYS_TYPES_H
| # include <sys/types.h>
| #endif
| #ifdef HAVE_SYS_STAT_H
| # include <sys/stat.h>
| #endif
| #ifdef STDC_HEADERS
| # include <stdlib.h>
| # include <stddef.h>
| #else
| # ifdef HAVE_STDLIB_H
| #  include <stdlib.h>
| # endif
| #endif
| #ifdef HAVE_STRING_H
| # if !defined STDC_HEADERS && defined HAVE_MEMORY_H
| #  include <memory.h>
| # endif
| # include <string.h>
| #endif
| #ifdef HAVE_STRINGS_H
| # include <strings.h>
| #endif
| #ifdef HAVE_INTTYPES_H
| # include <inttypes.h>
| #endif
| #ifdef HAVE_STDINT_H
| # include <stdint.h>
| #endif
| #ifdef HAVE_UNISTD_H
| # include <unistd.h>
| #endif
| int
| main ()
| {
| 
| 	  char buf[100];
| 	  char x = *strerror_r (0, buf, sizeof buf);
| 	  char *p = strerror_r (0, buf, sizeof buf);
| 	  return !p || x;
| 
|   ;
|   return 0;
| }
configure:17506: result: no
configure:17514: checking whether sys_errlist is declared
configure:17514: g++ -c -g -O2  conftest.cpp >&5
configure:17514: $? = 0
configure:17514: result: yes
configure:17524: checking whether _sys_errlist is declared
configure:17524: g++ -c -g -O2  conftest.cpp >&5
conftest.cpp:87:10: error: use of undeclared identifier '_sys_errlist'
  (void) _sys_errlist;
         ^
1 error generated.
configure:17524: $? = 1
configure: failed program was:
| /* confdefs.h */
| #define PACKAGE_NAME "xapian-core"
| #define PACKAGE_TARNAME "xapian-core"
| #define PACKAGE_VERSION "1.2.20"
| #define PACKAGE_STRING "xapian-core 1.2.20"
| #define PACKAGE_BUGREPORT "http://xapian.org/bugs"
| #define PACKAGE_URL ""
| #define PACKAGE "xapian-core"
| #define VERSION "1.2.20"
| #define STDC_HEADERS 1
| #define HAVE_SYS_TYPES_H 1
| #define HAVE_SYS_STAT_H 1
| #define HAVE_STDLIB_H 1
| #define HAVE_STRING_H 1
| #define HAVE_MEMORY_H 1
| #define HAVE_STRINGS_H 1
| #define HAVE_INTTYPES_H 1
| #define HAVE_STDINT_H 1
| #define HAVE_UNISTD_H 1
| #define HAVE_DLFCN_H 1
| #define LT_OBJDIR ".libs/"
| #define USE_RTTI 1
| #define HAVE_GETTIMEOFDAY 1
| #define HAVE_FTIME 1
| #define HAVE_SRANDOM 1
| #define HAVE_RANDOM 1
| #define HAVE_SIGACTION 1
| #define HAVE_SIGSETJMP 1
| #define HAVE_GETRUSAGE 1
| #define HAVE_TIMES 1
| #define HAVE_SYSCONF 1
| #define HAVE_SETENV 1
| #define HAVE_DIRFD 1
| #define HAVE_GETRLIMIT 1
| #define HAVE_SYS_UTSNAME_H 1
| #define HAVE_GETHOSTNAME 1
| #define SIZEOF_INT 4
| #define SIZEOF_LONG 8
| #define HAVE_FCNTL_H 1
| #define HAVE_LIMITS_H 1
| #define HAVE_SYS_ERRNO_H 1
| #define HAVE_SYS_SELECT_H 1
| #define HAVE_SYS_RESOURCE_H 1
| #define HAVE_HSTRERROR 1
| #define HAVE_DECL_STRERROR_R 1
| #define HAVE_STRERROR_R 1
| #define HAVE_DECL_SYS_ERRLIST 1
| /* end confdefs.h.  */
| #include <stdio.h>
| #ifdef HAVE_SYS_TYPES_H
| # include <sys/types.h>
| #endif
| #ifdef HAVE_SYS_STAT_H
| # include <sys/stat.h>
| #endif
| #ifdef STDC_HEADERS
| # include <stdlib.h>
| # include <stddef.h>
| #else
| # ifdef HAVE_STDLIB_H
| #  include <stdlib.h>
| # endif
| #endif
| #ifdef HAVE_STRING_H
| # if !defined STDC_HEADERS && defined HAVE_MEMORY_H
| #  include <memory.h>
| # endif
| # include <string.h>
| #endif
| #ifdef HAVE_STRINGS_H
| # include <strings.h>
| #endif
| #ifdef HAVE_INTTYPES_H
| # include <inttypes.h>
| #endif
| #ifdef HAVE_STDINT_H
| # include <stdint.h>
| #endif
| #ifdef HAVE_UNISTD_H
| # include <unistd.h>
| #endif
| int
| main ()
| {
| #ifndef _sys_errlist
| #ifdef __cplusplus
|   (void) _sys_errlist;
| #else
|   (void) _sys_errlist;
| #endif
| #endif
| 
|   ;
|   return 0;
| }
configure:17524: result: no
configure:17534: checking whether sys_nerr is declared
configure:17534: g++ -c -g -O2  conftest.cpp >&5
configure:17534: $? = 0
configure:17534: result: yes
configure:17544: checking whether _sys_nerr is declared
configure:17544: g++ -c -g -O2  conftest.cpp >&5
conftest.cpp:89:10: error: use of undeclared identifier '_sys_nerr'
  (void) _sys_nerr;
         ^
1 error generated.
configure:17544: $? = 1
configure: failed program was:
| /* confdefs.h */
| #define PACKAGE_NAME "xapian-core"
| #define PACKAGE_TARNAME "xapian-core"
| #define PACKAGE_VERSION "1.2.20"
| #define PACKAGE_STRING "xapian-core 1.2.20"
| #define PACKAGE_BUGREPORT "http://xapian.org/bugs"
| #define PACKAGE_URL ""
| #define PACKAGE "xapian-core"
| #define VERSION "1.2.20"
| #define STDC_HEADERS 1
| #define HAVE_SYS_TYPES_H 1
| #define HAVE_SYS_STAT_H 1
| #define HAVE_STDLIB_H 1
| #define HAVE_STRING_H 1
| #define HAVE_MEMORY_H 1
| #define HAVE_STRINGS_H 1
| #define HAVE_INTTYPES_H 1
| #define HAVE_STDINT_H 1
| #define HAVE_UNISTD_H 1
| #define HAVE_DLFCN_H 1
| #define LT_OBJDIR ".libs/"
| #define USE_RTTI 1
| #define HAVE_GETTIMEOFDAY 1
| #define HAVE_FTIME 1
| #define HAVE_SRANDOM 1
| #define HAVE_RANDOM 1
| #define HAVE_SIGACTION 1
| #define HAVE_SIGSETJMP 1
| #define HAVE_GETRUSAGE 1
| #define HAVE_TIMES 1
| #define HAVE_SYSCONF 1
| #define HAVE_SETENV 1
| #define HAVE_DIRFD 1
| #define HAVE_GETRLIMIT 1
| #define HAVE_SYS_UTSNAME_H 1
| #define HAVE_GETHOSTNAME 1
| #define SIZEOF_INT 4
| #define SIZEOF_LONG 8
| #define HAVE_FCNTL_H 1
| #define HAVE_LIMITS_H 1
| #define HAVE_SYS_ERRNO_H 1
| #define HAVE_SYS_SELECT_H 1
| #define HAVE_SYS_RESOURCE_H 1
| #define HAVE_HSTRERROR 1
| #define HAVE_DECL_STRERROR_R 1
| #define HAVE_STRERROR_R 1
| #define HAVE_DECL_SYS_ERRLIST 1
| #define HAVE_DECL__SYS_ERRLIST 0
| #define HAVE_DECL_SYS_NERR 1
| /* end confdefs.h.  */
| #include <stdio.h>
| #ifdef HAVE_SYS_TYPES_H
| # include <sys/types.h>
| #endif
| #ifdef HAVE_SYS_STAT_H
| # include <sys/stat.h>
| #endif
| #ifdef STDC_HEADERS
| # include <stdlib.h>
| # include <stddef.h>
| #else
| # ifdef HAVE_STDLIB_H
| #  include <stdlib.h>
| # endif
| #endif
| #ifdef HAVE_STRING_H
| # if !defined STDC_HEADERS && defined HAVE_MEMORY_H
| #  include <memory.h>
| # endif
| # include <string.h>
| #endif
| #ifdef HAVE_STRINGS_H
| # include <strings.h>
| #endif
| #ifdef HAVE_INTTYPES_H
| # include <inttypes.h>
| #endif
| #ifdef HAVE_STDINT_H
| # include <stdint.h>
| #endif
| #ifdef HAVE_UNISTD_H
| # include <unistd.h>
| #endif
| int
| main ()
| {
| #ifndef _sys_nerr
| #ifdef __cplusplus
|   (void) _sys_nerr;
| #else
|   (void) _sys_nerr;
| #endif
| #endif
| 
|   ;
|   return 0;
| }
configure:17544: result: no
configure:17556: checking for working ISO C90 conforming snprintf
configure:17590: g++ -o conftest -g -O2   conftest.cpp  >&5
configure:17590: $? = 0
configure:17590: ./conftest
configure:17590: $? = 0
configure:17605: result: snprintf
configure:17721: checking for zlib.h
configure:17721: g++ -c -g -O2  conftest.cpp >&5
configure:17721: $? = 0
configure:17721: result: yes
configure:17738: checking for library containing zlibVersion
configure:17769: g++ -o conftest -g -O2   conftest.cpp  >&5
Undefined symbols for architecture x86_64:
  "_zlibVersion", referenced from:
      _main in conftest-6a0377.o
ld: symbol(s) not found for architecture x86_64
clang: error: linker command failed with exit code 1 (use -v to see invocation)
configure:17769: $? = 1
configure: failed program was:
| /* confdefs.h */
| #define PACKAGE_NAME "xapian-core"
| #define PACKAGE_TARNAME "xapian-core"
| #define PACKAGE_VERSION "1.2.20"
| #define PACKAGE_STRING "xapian-core 1.2.20"
| #define PACKAGE_BUGREPORT "http://xapian.org/bugs"
| #define PACKAGE_URL ""
| #define PACKAGE "xapian-core"
| #define VERSION "1.2.20"
| #define STDC_HEADERS 1
| #define HAVE_SYS_TYPES_H 1
| #define HAVE_SYS_STAT_H 1
| #define HAVE_STDLIB_H 1
| #define HAVE_STRING_H 1
| #define HAVE_MEMORY_H 1
| #define HAVE_STRINGS_H 1
| #define HAVE_INTTYPES_H 1
| #define HAVE_STDINT_H 1
| #define HAVE_UNISTD_H 1
| #define HAVE_DLFCN_H 1
| #define LT_OBJDIR ".libs/"
| #define USE_RTTI 1
| #define HAVE_GETTIMEOFDAY 1
| #define HAVE_FTIME 1
| #define HAVE_SRANDOM 1
| #define HAVE_RANDOM 1
| #define HAVE_SIGACTION 1
| #define HAVE_SIGSETJMP 1
| #define HAVE_GETRUSAGE 1
| #define HAVE_TIMES 1
| #define HAVE_SYSCONF 1
| #define HAVE_SETENV 1
| #define HAVE_DIRFD 1
| #define HAVE_GETRLIMIT 1
| #define HAVE_SYS_UTSNAME_H 1
| #define HAVE_GETHOSTNAME 1
| #define SIZEOF_INT 4
| #define SIZEOF_LONG 8
| #define HAVE_FCNTL_H 1
| #define HAVE_LIMITS_H 1
| #define HAVE_SYS_ERRNO_H 1
| #define HAVE_SYS_SELECT_H 1
| #define HAVE_SYS_RESOURCE_H 1
| #define HAVE_HSTRERROR 1
| #define HAVE_DECL_STRERROR_R 1
| #define HAVE_STRERROR_R 1
| #define HAVE_DECL_SYS_ERRLIST 1
| #define HAVE_DECL__SYS_ERRLIST 0
| #define HAVE_DECL_SYS_NERR 1
| #define HAVE_DECL__SYS_NERR 0
| #define SNPRINTF_ISO snprintf
| #define SNPRINTF snprintf
| #define HAVE_ZLIB_H 1
| /* end confdefs.h.  */
| 
| /* Override any GCC internal prototype to avoid an error.
|    Use char because int might match the return type of a GCC
|    builtin and then its argument prototype would still apply.  */
| #ifdef __cplusplus
| extern "C"
| #endif
| char zlibVersion ();
| int
| main ()
| {
| return zlibVersion ();
|   ;
|   return 0;
| }
configure:17769: g++ -o conftest -g -O2   conftest.cpp -lz   >&5
configure:17769: $? = 0
configure:17786: result: -lz
configure:17810: checking for uuid/uuid.h
configure:17810: g++ -c -g -O2  conftest.cpp >&5
configure:17810: $? = 0
configure:17810: result: yes
configure:17818: checking for library containing uuid_generate
configure:17849: g++ -o conftest -g -O2   conftest.cpp  >&5
configure:17849: $? = 0
configure:17866: result: none required
configure:17937: g++ -o conftest -g -O2   conftest.cpp  >&5
configure:17937: $? = 0
configure:17969: g++ -E  conftest.cpp
configure:17969: $? = 0
configure:17985: checking for fork
configure:17985: g++ -o conftest -g -O2   conftest.cpp  >&5
configure:17985: $? = 0
configure:17985: result: yes
configure:17998: checking for library containing socketpair
configure:18029: g++ -o conftest -g -O2   conftest.cpp  >&5
configure:18029: $? = 0
configure:18046: result: none required
configure:18060: checking for library containing gethostbyname
configure:18091: g++ -o conftest -g -O2   conftest.cpp  >&5
configure:18091: $? = 0
configure:18108: result: none required
configure:18129: checking for type to use for 5th parameter to getsockopt
configure:18157: g++ -c -g -O2  conftest.cpp >&5
configure:18157: $? = 0
configure:18173: result: socklen_t
configure:18289: checking whether fdatasync is declared
configure:18289: g++ -c -g -O2  conftest.cpp >&5
conftest.cpp:68:10: error: use of undeclared identifier 'fdatasync'
  (void) fdatasync((int) 0);
         ^
1 error generated.
configure:18289: $? = 1
configure: failed program was:
| /* confdefs.h */
| #define PACKAGE_NAME "xapian-core"
| #define PACKAGE_TARNAME "xapian-core"
| #define PACKAGE_VERSION "1.2.20"
| #define PACKAGE_STRING "xapian-core 1.2.20"
| #define PACKAGE_BUGREPORT "http://xapian.org/bugs"
| #define PACKAGE_URL ""
| #define PACKAGE "xapian-core"
| #define VERSION "1.2.20"
| #define STDC_HEADERS 1
| #define HAVE_SYS_TYPES_H 1
| #define HAVE_SYS_STAT_H 1
| #define HAVE_STDLIB_H 1
| #define HAVE_STRING_H 1
| #define HAVE_MEMORY_H 1
| #define HAVE_STRINGS_H 1
| #define HAVE_INTTYPES_H 1
| #define HAVE_STDINT_H 1
| #define HAVE_UNISTD_H 1
| #define HAVE_DLFCN_H 1
| #define LT_OBJDIR ".libs/"
| #define USE_RTTI 1
| #define HAVE_GETTIMEOFDAY 1
| #define HAVE_FTIME 1
| #define HAVE_SRANDOM 1
| #define HAVE_RANDOM 1
| #define HAVE_SIGACTION 1
| #define HAVE_SIGSETJMP 1
| #define HAVE_GETRUSAGE 1
| #define HAVE_TIMES 1
| #define HAVE_SYSCONF 1
| #define HAVE_SETENV 1
| #define HAVE_DIRFD 1
| #define HAVE_GETRLIMIT 1
| #define HAVE_SYS_UTSNAME_H 1
| #define HAVE_GETHOSTNAME 1
| #define SIZEOF_INT 4
| #define SIZEOF_LONG 8
| #define HAVE_FCNTL_H 1
| #define HAVE_LIMITS_H 1
| #define HAVE_SYS_ERRNO_H 1
| #define HAVE_SYS_SELECT_H 1
| #define HAVE_SYS_RESOURCE_H 1
| #define HAVE_HSTRERROR 1
| #define HAVE_DECL_STRERROR_R 1
| #define HAVE_STRERROR_R 1
| #define HAVE_DECL_SYS_ERRLIST 1
| #define HAVE_DECL__SYS_ERRLIST 0
| #define HAVE_DECL_SYS_NERR 1
| #define HAVE_DECL__SYS_NERR 0
| #define SNPRINTF_ISO snprintf
| #define SNPRINTF snprintf
| #define HAVE_ZLIB_H 1
| #define HAVE_UUID_UUID_H 1
| #define HAVE_UUID_UNPARSE_LOWER 1
| #define HAVE_FORK 1
| #define HAVE_SOCKETPAIR 1
| #define SOCKLEN_T socklen_t
| /* end confdefs.h.  */
| #include <unistd.h>
| 
| 
| int
| main ()
| {
| #ifndef fdatasync
| #ifdef __cplusplus
|   (void) fdatasync((int) 0);
| #else
|   (void) fdatasync;
| #endif
| #endif
| 
|   ;
|   return 0;
| }
configure:18289: result: no
configure:18371: checking for fsync
configure:18371: g++ -o conftest -g -O2   conftest.cpp  >&5
configure:18371: $? = 0
configure:18371: result: yes
configure:18393: checking for pread
configure:18393: g++ -o conftest -g -O2   conftest.cpp  >&5
configure:18393: $? = 0
configure:18393: result: yes
configure:18398: checking for any prototype needed for pread
configure:18425: g++ -c -g -O2  conftest.cpp >&5
configure:18425: $? = 0
configure:18442: result: none required
configure:18456: checking for pwrite
configure:18456: g++ -o conftest -g -O2   conftest.cpp  >&5
configure:18456: $? = 0
configure:18456: result: yes
configure:18461: checking for any prototype needed for pwrite
configure:18488: g++ -c -g -O2  conftest.cpp >&5
configure:18488: $? = 0
configure:18505: result: none required
configure:18524: checking for link
configure:18524: g++ -o conftest -g -O2   conftest.cpp  >&5
configure:18524: $? = 0
configure:18524: result: yes
configure:18635: checking if g++ -fvisibility=hidden works
configure:18638: result: yes
configure:18652: checking for g++ -Wl,-Bsymbolic-functions
ld: unknown option: -Bsymbolic-functions
clang: error: linker command failed with exit code 1 (use -v to see invocation)
configure:18669: result: yes
configure:18674: checking whether to use SSE instructions on x86
configure:18712: result: non-x86 arch (x86_64)
configure:18730: checking for special C compiler options needed for large files
configure:18775: result: no
configure:18781: checking for _FILE_OFFSET_BITS value needed for large files
configure:18806: g++ -c -g -O2  conftest.cpp >&5
configure:18806: $? = 0
configure:18838: result: no
configure:19137: creating ./config.status

## ---------------------- ##
## Running config.status. ##
## ---------------------- ##

This file was extended by xapian-core config.status 1.2.20, which was
generated by GNU Autoconf 2.68.  Invocation command line was

  CONFIG_FILES    = 
  CONFIG_HEADERS  = 
  CONFIG_LINKS    = 
  CONFIG_COMMANDS = 
  $ ./config.status 

on hefengdeMacBook-Air.local

config.status:1256: creating Makefile
config.status:1256: creating tests/Makefile
config.status:1256: creating docs/Makefile
config.status:1256: creating docs/doxygen_api.conf
config.status:1256: creating docs/doxygen_source.conf
config.status:1256: creating xapian-core.spec
config.status:1256: creating cmake/xapian-config.cmake
config.status:1256: creating cmake/xapian-config-version.cmake
config.status:1256: creating pkgconfig/xapian-core.pc
config.status:1256: creating tests/runtest
config.status:1256: creating tests/runsrv
config.status:1256: creating tests/submitperftest
config.status:1256: creating tests/perftest/get_machine_info
config.status:1256: creating xapian-config
config.status:1256: creating makemanpage
config.status:1256: creating docs/gen_codestructure_doc
config.status:1256: creating languages/generate-allsnowballheaders
config.status:1256: creating config.h
config.status:1485: executing depfiles commands
config.status:1485: executing libtool commands
configure:21699: g++ -c -g -O2  conftest.cpp >&5
configure:21699: $? = 0

## ---------------- ##
## Cache variables. ##
## ---------------- ##

ac_cv_build=x86_64-apple-darwin14.3.0
ac_cv_c_compiler_gnu=yes
ac_cv_cxx_compiler_gnu=yes
ac_cv_env_CCC_set=
ac_cv_env_CCC_value=
ac_cv_env_CC_FOR_BUILD_set=
ac_cv_env_CC_FOR_BUILD_value=
ac_cv_env_CC_set=
ac_cv_env_CC_value=
ac_cv_env_CFLAGS_set=
ac_cv_env_CFLAGS_value=
ac_cv_env_CPPFLAGS_set=
ac_cv_env_CPPFLAGS_value=
ac_cv_env_CPP_set=
ac_cv_env_CPP_value=
ac_cv_env_CXXCPP_set=
ac_cv_env_CXXCPP_value=
ac_cv_env_CXXFLAGS_set=
ac_cv_env_CXXFLAGS_value=
ac_cv_env_CXX_set=
ac_cv_env_CXX_value=
ac_cv_env_LDFLAGS_set=
ac_cv_env_LDFLAGS_value=
ac_cv_env_LIBS_set=
ac_cv_env_LIBS_value=
ac_cv_env_build_alias_set=
ac_cv_env_build_alias_value=
ac_cv_env_host_alias_set=
ac_cv_env_host_alias_value=
ac_cv_env_target_alias_set=
ac_cv_env_target_alias_value=
ac_cv_func__putenv_s=no
ac_cv_func_closefrom=no
ac_cv_func_dirfd=yes
ac_cv_func_fdatasync=no
ac_cv_func_fork=yes
ac_cv_func_fsync=yes
ac_cv_func_ftime=yes
ac_cv_func_gethostname=yes
ac_cv_func_getrlimit=yes
ac_cv_func_getrusage=yes
ac_cv_func_gettimeofday=yes
ac_cv_func_hstrerror=yes
ac_cv_func_link=yes
ac_cv_func_memcmp_working=yes
ac_cv_func_pread=yes
ac_cv_func_pwrite=yes
ac_cv_func_random=yes
ac_cv_func_setenv=yes
ac_cv_func_sigaction=yes
ac_cv_func_snprintf=snprintf
ac_cv_func_snprintf_noniso=no
ac_cv_func_srandom=yes
ac_cv_func_strerror_r=yes
ac_cv_func_strerror_r_char_p=no
ac_cv_func_sysconf=yes
ac_cv_func_times=yes
ac_cv_have_decl__sys_errlist=no
ac_cv_have_decl__sys_nerr=no
ac_cv_have_decl_fdatasync_int_=no
ac_cv_have_decl_strerror_r=yes
ac_cv_have_decl_sys_errlist=yes
ac_cv_have_decl_sys_nerr=yes
ac_cv_header_dlfcn_h=yes
ac_cv_header_fcntl_h=yes
ac_cv_header_inttypes_h=yes
ac_cv_header_limits_h=yes
ac_cv_header_memory_h=yes
ac_cv_header_stdc=yes
ac_cv_header_stdint_h=yes
ac_cv_header_stdlib_h=yes
ac_cv_header_string_h=yes
ac_cv_header_strings_h=yes
ac_cv_header_sys_errno_h=yes
ac_cv_header_sys_resource_h=yes
ac_cv_header_sys_select_h=yes
ac_cv_header_sys_stat_h=yes
ac_cv_header_sys_types_h=yes
ac_cv_header_sys_utsname_h=yes
ac_cv_header_unistd_h=yes
ac_cv_header_uuid_uuid_h=yes
ac_cv_header_zlib_h=yes
ac_cv_host=x86_64-apple-darwin14.3.0
ac_cv_objext=o
ac_cv_path_EGREP='/usr/bin/grep -E'
ac_cv_path_FGREP='/usr/bin/grep -F'
ac_cv_path_GREP=/usr/bin/grep
ac_cv_path_PERL=/usr/bin/perl
ac_cv_path_SED=/usr/bin/sed
ac_cv_path_install='/usr/bin/install -c'
ac_cv_prog_AWK=awk
ac_cv_prog_CPP='gcc -E'
ac_cv_prog_CXXCPP='g++ -E'
ac_cv_prog_ac_ct_AR=ar
ac_cv_prog_ac_ct_CC=gcc
ac_cv_prog_ac_ct_CXX=g++
ac_cv_prog_ac_ct_DSYMUTIL=dsymutil
ac_cv_prog_ac_ct_LIPO=lipo
ac_cv_prog_ac_ct_NMEDIT=nmedit
ac_cv_prog_ac_ct_OTOOL=otool
ac_cv_prog_ac_ct_RANLIB=ranlib
ac_cv_prog_ac_ct_STRIP=strip
ac_cv_prog_cc_c89=
ac_cv_prog_cc_g=yes
ac_cv_prog_cxx_g=yes
ac_cv_prog_make_make_set=yes
ac_cv_search_gethostbyname='none required'
ac_cv_search_socketpair='none required'
ac_cv_search_uuid_generate='none required'
ac_cv_search_zlibVersion=-lz
ac_cv_sizeof_int=4
ac_cv_sizeof_long=8
ac_cv_sys_file_offset_bits=no
ac_cv_sys_largefile_CC=no
ac_cv_type_mode_t=yes
ac_cv_type_pid_t=yes
ac_cv_type_ssize_t=yes
am_cv_CC_dependencies_compiler_type=gcc3
am_cv_CXX_dependencies_compiler_type=gcc3
am_cv_prog_tar_ustar=gnutar
lt_cv_apple_cc_single_mod=yes
lt_cv_ar_at_file=no
lt_cv_deplibs_check_method=pass_all
lt_cv_file_magic_cmd='$MAGIC_CMD'
lt_cv_file_magic_test_file=
lt_cv_ld_exported_symbols_list=yes
lt_cv_ld_force_load=yes
lt_cv_ld_reload_flag=-r
lt_cv_nm_interface='BSD nm'
lt_cv_objdir=.libs
lt_cv_path_LD=/Applications/Xcode.app/Contents/Developer/Toolchains/XcodeDefault.xctoolchain/usr/bin/ld
lt_cv_path_LDCXX=/Applications/Xcode.app/Contents/Developer/Toolchains/XcodeDefault.xctoolchain/usr/bin/ld
lt_cv_path_NM=/usr/bin/nm
lt_cv_path_mainfest_tool=no
lt_cv_prog_compiler_c_o=yes
lt_cv_prog_compiler_c_o_CXX=yes
lt_cv_prog_compiler_pic='-fno-common -DPIC'
lt_cv_prog_compiler_pic_CXX='-fno-common -DPIC'
lt_cv_prog_compiler_pic_works=yes
lt_cv_prog_compiler_pic_works_CXX=yes
lt_cv_prog_compiler_rtti_exceptions=yes
lt_cv_prog_compiler_static_works=no
lt_cv_prog_compiler_static_works_CXX=no
lt_cv_prog_gnu_ld=no
lt_cv_prog_gnu_ldcxx=no
lt_cv_sharedlib_from_linklib_cmd='printf %s\n'
lt_cv_sys_global_symbol_pipe='sed -n -e '\''s/^.*[	 ]\([BCDEGRST][BCDEGRST]*\)[	 ][	 ]*_\([_A-Za-z][_A-Za-z0-9]*\)$/\1 _\2 \2/p'\'' | sed '\''/ __gnu_lto/d'\'''
lt_cv_sys_global_symbol_to_c_name_address='sed -n -e '\''s/^: \([^ ]*\)[ ]*$/  {\"\1\", (void *) 0},/p'\'' -e '\''s/^[BCDEGRST]* \([^ ]*\) \([^ ]*\)$/  {"\2", (void *) \&\2},/p'\'''
lt_cv_sys_global_symbol_to_c_name_address_lib_prefix='sed -n -e '\''s/^: \([^ ]*\)[ ]*$/  {\"\1\", (void *) 0},/p'\'' -e '\''s/^[BCDEGRST]* \([^ ]*\) \(lib[^ ]*\)$/  {"\2", (void *) \&\2},/p'\'' -e '\''s/^[BCDEGRST]* \([^ ]*\) \([^ ]*\)$/  {"lib\2", (void *) \&\2},/p'\'''
lt_cv_sys_global_symbol_to_cdecl='sed -n -e '\''s/^T .* \(.*\)$/extern int \1();/p'\'' -e '\''s/^[BCDEGRST]* .* \(.*\)$/extern char \1;/p'\'''
lt_cv_sys_max_cmd_len=196608
lt_cv_to_host_file_cmd=func_convert_file_noop
lt_cv_to_tool_file_cmd=func_convert_file_noop
xo_cv_cxx_works=yes
xo_cv_pread_prototype=' '
xo_cv_pwrite_prototype=' '
xo_cv_socklen_t_equiv=socklen_t
xo_cv_symbolic_functions=yes

## ----------------- ##
## Output variables. ##
## ----------------- ##

ACLOCAL='${SHELL} /Users/hefeng/Downloads/xapian-core-1.2.20/missing --run aclocal-1.11 '
AMDEPBACKSLASH='\'
AMDEP_FALSE='#'
AMDEP_TRUE=''
AMTAR='$${TAR-tar}'
AM_CXXFLAGS=' -Wall -W -Wredundant-decls -Wpointer-arith -Wcast-qual -Wcast-align -Wno-long-long -Wformat-security -fno-gnu-keywords -Wundef -Woverloaded-virtual -Wshadow -Wstrict-overflow=1 -Winit-self -Wmissing-declarations -fvisibility=hidden'
ANSI_CXXFLAGS=''
AR='ar'
AUTOCONF='${SHELL} /Users/hefeng/Downloads/xapian-core-1.2.20/missing --run autoconf'
AUTOHEADER='${SHELL} /Users/hefeng/Downloads/xapian-core-1.2.20/missing --run autoheader'
AUTOM4TE='autom4te'
AUTOMAKE='${SHELL} /Users/hefeng/Downloads/xapian-core-1.2.20/missing --run automake-1.11'
AWK='awk'
BUILD_BACKEND_BRASS_FALSE='#'
BUILD_BACKEND_BRASS_OR_CHERT_OR_FLINT_FALSE='#'
BUILD_BACKEND_BRASS_OR_CHERT_OR_FLINT_TRUE=''
BUILD_BACKEND_BRASS_TRUE=''
BUILD_BACKEND_CHERT_FALSE='#'
BUILD_BACKEND_CHERT_TRUE=''
BUILD_BACKEND_FLINT_FALSE='#'
BUILD_BACKEND_FLINT_TRUE=''
BUILD_BACKEND_INMEMORY_FALSE='#'
BUILD_BACKEND_INMEMORY_TRUE=''
BUILD_BACKEND_REMOTE_FALSE='#'
BUILD_BACKEND_REMOTE_TRUE=''
CC='gcc'
CCDEPMODE='depmode=gcc3'
CC_FOR_BUILD='gcc'
CFLAGS='-g -O2'
CPP='gcc -E'
CPPFLAGS=''
CXX='g++'
CXXCPP='g++ -E'
CXXDEPMODE='depmode=gcc3'
CXXFLAGS='-g -O2'
CYGPATH_W='echo'
DEFS='-DHAVE_CONFIG_H'
DEPDIR='.deps'
DLLTOOL='false'
DOCUMENTATION_RULES_FALSE=''
DOCUMENTATION_RULES_TRUE='#'
DOT=''
DOXYGEN=''
DOXYGEN_DOT_PATH=''
DSYMUTIL='dsymutil'
DUMPBIN=''
EATMYDATA=''
ECHO_C='\c'
ECHO_N=''
ECHO_T=''
EGREP='/usr/bin/grep -E'
EXEEXT=''
FGREP='/usr/bin/grep -F'
FP_EXCESS_PRECISION='no'
GREP='/usr/bin/grep'
HELP2MAN=''
INSTALL_DATA='${INSTALL} -m 644'
INSTALL_PROGRAM='${INSTALL}'
INSTALL_SCRIPT='${INSTALL}'
INSTALL_STRIP_PROGRAM='$(install_sh) -c -s'
LD='/Applications/Xcode.app/Contents/Developer/Toolchains/XcodeDefault.xctoolchain/usr/bin/ld'
LDFLAGS=''
LIBOBJS=''
LIBRARY_VERSION_INFO='28:7:6'
LIBRARY_VERSION_SUFFIX=''
LIBS=''
LIBTOOL='$(SHELL) $(top_builddir)/libtool'
LIPO='lipo'
LN_S='ln -s'
LTLIBOBJS=''
MAINT='#'
MAINTAINER_MODE_FALSE=''
MAINTAINER_MODE_TRUE='#'
MAINTAINER_NO_DOCS_FALSE=''
MAINTAINER_NO_DOCS_TRUE='#'
MAKEINDEX=''
MAKEINFO='${SHELL} /Users/hefeng/Downloads/xapian-core-1.2.20/missing --run makeinfo'
MANIFEST_TOOL=':'
MKDIR_P='./install-sh -c -d'
NM='/usr/bin/nm'
NMEDIT='nmedit'
NO_INSTALL='-no-fast-install'
OBJDUMP='false'
OBJEXT='o'
OTOOL64=':'
OTOOL='otool'
PACKAGE='xapian-core'
PACKAGE_BUGREPORT='http://xapian.org/bugs'
PACKAGE_NAME='xapian-core'
PACKAGE_STRING='xapian-core 1.2.20'
PACKAGE_TARNAME='xapian-core'
PACKAGE_URL=''
PACKAGE_VERSION='1.2.20'
PATH_SEPARATOR=':'
PERL='/usr/bin/perl'
PNGCRUSH=''
QUIET=''
RANLIB='ranlib'
RST2HTML=''
SED='/usr/bin/sed'
SET_MAKE=''
SHELL='/bin/sh'
SHLIBEXT='.dylib'
STRIP='strip'
USE_WIN32_UUID_API_FALSE=''
USE_WIN32_UUID_API_TRUE='#'
USE_ZLIB_VG_FALSE=''
USE_ZLIB_VG_TRUE='#'
VALGRIND=''
VERSION='1.2.20'
VPATH_BUILD_FALSE=''
VPATH_BUILD_TRUE='#'
XAPIAN_LDFLAGS=' -Bsymbolic-functions'
XAPIAN_LIBS=' -lz  '
ac_ct_AR='ar'
ac_ct_CC='gcc'
ac_ct_CXX='g++'
ac_ct_DUMPBIN=''
am__EXEEXT_FALSE=''
am__EXEEXT_TRUE='#'
am__fastdepCC_FALSE='#'
am__fastdepCC_TRUE=''
am__fastdepCXX_FALSE='#'
am__fastdepCXX_TRUE=''
am__include='include'
am__isrc=''
am__leading_dot='.'
am__nodep='_no'
am__quote=''
am__tar='tar --format=ustar -chf - "$$tardir"'
am__untar='tar -xf -'
bindir='${exec_prefix}/bin'
build='x86_64-apple-darwin14.3.0'
build_alias=''
build_cpu='x86_64'
build_os='darwin14.3.0'
build_vendor='apple'
datadir='${datarootdir}'
datarootdir='${prefix}/share'
docdir='${datarootdir}/doc/${PACKAGE_TARNAME}'
dvidir='${docdir}'
exec_prefix='${prefix}'
host='x86_64-apple-darwin14.3.0'
host_alias=''
host_cpu='x86_64'
host_os='darwin14.3.0'
host_vendor='apple'
htmldir='${docdir}'
incdir='${prefix}/include'
includedir='${prefix}/include'
infodir='${datarootdir}/info'
install_sh='${SHELL} /Users/hefeng/Downloads/xapian-core-1.2.20/install-sh'
ldflags=''
libdir='${exec_prefix}/lib'
libexecdir='${exec_prefix}/libexec'
link_all_deplibs_CXX='yes'
localedir='${datarootdir}/locale'
localstatedir='${prefix}/var'
mandir='${datarootdir}/man'
mkdir_p='$(top_builddir)/./install-sh -c -d'
oldincludedir='/usr/include'
pdfdir='${docdir}'
prefix='/usr/local'
program_transform_name='s,x,x,'
psdir='${docdir}'
sbindir='${exec_prefix}/sbin'
sharedstatedir='${prefix}/com'
sysconfdir='${prefix}/etc'
target_alias=''

## ----------- ##
## confdefs.h. ##
## ----------- ##

/* confdefs.h */
#define PACKAGE_NAME "xapian-core"
#define PACKAGE_TARNAME "xapian-core"
#define PACKAGE_VERSION "1.2.20"
#define PACKAGE_STRING "xapian-core 1.2.20"
#define PACKAGE_BUGREPORT "http://xapian.org/bugs"
#define PACKAGE_URL ""
#define PACKAGE "xapian-core"
#define VERSION "1.2.20"
#define STDC_HEADERS 1
#define HAVE_SYS_TYPES_H 1
#define HAVE_SYS_STAT_H 1
#define HAVE_STDLIB_H 1
#define HAVE_STRING_H 1
#define HAVE_MEMORY_H 1
#define HAVE_STRINGS_H 1
#define HAVE_INTTYPES_H 1
#define HAVE_STDINT_H 1
#define HAVE_UNISTD_H 1
#define HAVE_DLFCN_H 1
#define LT_OBJDIR ".libs/"
#define USE_RTTI 1
#define HAVE_GETTIMEOFDAY 1
#define HAVE_FTIME 1
#define HAVE_SRANDOM 1
#define HAVE_RANDOM 1
#define HAVE_SIGACTION 1
#define HAVE_SIGSETJMP 1
#define HAVE_GETRUSAGE 1
#define HAVE_TIMES 1
#define HAVE_SYSCONF 1
#define HAVE_SETENV 1
#define HAVE_DIRFD 1
#define HAVE_GETRLIMIT 1
#define HAVE_SYS_UTSNAME_H 1
#define HAVE_GETHOSTNAME 1
#define SIZEOF_INT 4
#define SIZEOF_LONG 8
#define HAVE_FCNTL_H 1
#define HAVE_LIMITS_H 1
#define HAVE_SYS_ERRNO_H 1
#define HAVE_SYS_SELECT_H 1
#define HAVE_SYS_RESOURCE_H 1
#define HAVE_HSTRERROR 1
#define HAVE_DECL_STRERROR_R 1
#define HAVE_STRERROR_R 1
#define HAVE_DECL_SYS_ERRLIST 1
#define HAVE_DECL__SYS_ERRLIST 0
#define HAVE_DECL_SYS_NERR 1
#define HAVE_DECL__SYS_NERR 0
#define SNPRINTF_ISO snprintf
#define SNPRINTF snprintf
#define HAVE_ZLIB_H 1
#define HAVE_UUID_UUID_H 1
#define HAVE_UUID_UNPARSE_LOWER 1
#define HAVE_FORK 1
#define HAVE_SOCKETPAIR 1
#define SOCKLEN_T socklen_t
#define HAVE_FSYNC 1
#define HAVE_PREAD 1
#define HAVE_PWRITE 1
#define HAVE_LINK 1

configure: exit 0
